<?xml version="1.0" encoding="UTF-8"?>
<!-- Generated by org.testng.reporters.JUnitReportReporter -->
<testsuite skipped="0" hostname="Mds-MBP-2.lan" name="apitest.PeopleResourcesTest" tests="1" failures="0" timestamp="2022-07-25T20:22:31 CDT" time="3.232" errors="0">
  <testcase name="getPeople" time="3.232" classname="apitest.PeopleResourcesTest"/>
</testsuite> <!-- apitest.PeopleResourcesTest -->
