<?xml version="1.0" encoding="UTF-8"?>
<!-- Generated by org.testng.reporters.JUnitReportReporter -->
<testsuite skipped="0" hostname="Mds-MBP-2" name="apitest.PeopleResourcesTest" tests="1" failures="0" timestamp="2021-03-18T07:40:23 EDT" time="2.031" errors="0">
  <testcase name="getPeople" time="2.031" classname="apitest.PeopleResourcesTest"/>
</testsuite> <!-- apitest.PeopleResourcesTest -->
