<?xml version="1.0" encoding="UTF-8"?>
<!-- Generated by org.testng.reporters.JUnitReportReporter -->
<testsuite skipped="0" hostname="Mds-MBP-2.lan" name="apitest.SubmitResourceTest" tests="1" failures="0" timestamp="2022-07-25T20:22:31 CDT" time="1.358" errors="0">
  <testcase name="submitTest" time="1.358" classname="apitest.SubmitResourceTest"/>
</testsuite> <!-- apitest.SubmitResourceTest -->
